<?xml version="1.0" encoding="UTF-8"?>
<!-- Generated by org.testng.reporters.JUnitXMLReporter -->
<testsuite hostname="LAPTOP-5DN4VF2K" ignored="7" name="Smoke Test" tests="4" failures="0" timestamp="2022-12-12T14:57:09 GMT" time="51.013" errors="0">
  <testcase name="verifyUserShouldNavigateToLoginPageSuccessfully" time="0.396" classname="demo.com.tutorialninja.testsuite.MyAccountPageTest"/>
  <testcase name="verifyUserShouldNavigateToLaptopsAndNotebooksPageSuccessfully" time="0.814" classname="demo.com.tutorialninja.testsuite.TopMenuPageTest"/>
  <testcase name="verifyProductAddedToShoppingCartSuccessFully" time="18.106" classname="demo.com.tutorialninja.testsuite.DesktopPageTest"/>
  <testcase name="verifyThatUserPlaceOrderSuccessfully" time="11.142" classname="demo.com.tutorialninja.testsuite.LaptopsAndNotebooksPageTest"/>
  <testcase name="verifyUserShouldNavigateToComponentsPageSuccessfully" time="0.0" classname="demo.com.tutorialninja.testsuite.TopMenuPageTest">
    <ignored/>
  </testcase> <!-- verifyUserShouldNavigateToComponentsPageSuccessfully -->
  <testcase name="verifyUserShouldNavigateToDesktopsPageSuccessfully" time="0.0" classname="demo.com.tutorialninja.testsuite.TopMenuPageTest">
    <ignored/>
  </testcase> <!-- verifyUserShouldNavigateToDesktopsPageSuccessfully -->
  <testcase name="verifyProductsPriceDisplayHighToLowSuccessfully" time="0.0" classname="demo.com.tutorialninja.testsuite.LaptopsAndNotebooksPageTest">
    <ignored/>
  </testcase> <!-- verifyProductsPriceDisplayHighToLowSuccessfully -->
  <testcase name="verifyUserShouldNavigateToRegisterPageSuccessfully" time="0.0" classname="demo.com.tutorialninja.testsuite.MyAccountPageTest">
    <ignored/>
  </testcase> <!-- verifyUserShouldNavigateToRegisterPageSuccessfully -->
  <testcase name="verifyThatUserShouldLoginAndLogoutSuccessfully" time="0.0" classname="demo.com.tutorialninja.testsuite.MyAccountPageTest">
    <ignored/>
  </testcase> <!-- verifyThatUserShouldLoginAndLogoutSuccessfully -->
  <testcase name="verifyProductsPriceDisplayHighToLowSuccessfully" time="0.0" classname="demo.com.tutorialninja.testsuite.DesktopPageTest">
    <ignored/>
  </testcase> <!-- verifyProductsPriceDisplayHighToLowSuccessfully -->
  <testcase name="verifyThatUserRegisterAccountSuccessfully" time="0.0" classname="demo.com.tutorialninja.testsuite.MyAccountPageTest">
    <ignored/>
  </testcase> <!-- verifyThatUserRegisterAccountSuccessfully -->
</testsuite> <!-- Smoke Test -->
