<?xml version="1.0" encoding="UTF-8"?>
<!-- Generated by org.testng.reporters.JUnitXMLReporter -->
<testsuite hostname="LAPTOP-5DN4VF2K" ignored="7" name="Sanity Test" tests="4" failures="0" timestamp="2022-12-12T13:56:09 GMT" time="45.613" errors="0">
  <testcase name="verifyUserShouldNavigateToRegisterPageSuccessfully" time="21.157" classname="demo.com.tutorialninja.testsuite.MyAccountPageTest"/>
  <testcase name="verifyUserShouldNavigateToDesktopsPageSuccessfully" time="1.142" classname="demo.com.tutorialninja.testsuite.TopMenuPageTest"/>
  <testcase name="verifyProductsPriceDisplayHighToLowSuccessfully" time="2.153" classname="demo.com.tutorialninja.testsuite.DesktopPageTest"/>
  <testcase name="verifyProductsPriceDisplayHighToLowSuccessfully" time="1.615" classname="demo.com.tutorialninja.testsuite.LaptopsAndNotebooksPageTest"/>
  <testcase name="verifyThatUserPlaceOrderSuccessfully" time="0.0" classname="demo.com.tutorialninja.testsuite.LaptopsAndNotebooksPageTest">
    <ignored/>
  </testcase> <!-- verifyThatUserPlaceOrderSuccessfully -->
  <testcase name="verifyUserShouldNavigateToComponentsPageSuccessfully" time="0.0" classname="demo.com.tutorialninja.testsuite.TopMenuPageTest">
    <ignored/>
  </testcase> <!-- verifyUserShouldNavigateToComponentsPageSuccessfully -->
  <testcase name="verifyUserShouldNavigateToLaptopsAndNotebooksPageSuccessfully" time="0.0" classname="demo.com.tutorialninja.testsuite.TopMenuPageTest">
    <ignored/>
  </testcase> <!-- verifyUserShouldNavigateToLaptopsAndNotebooksPageSuccessfully -->
  <testcase name="verifyThatUserShouldLoginAndLogoutSuccessfully" time="0.0" classname="demo.com.tutorialninja.testsuite.MyAccountPageTest">
    <ignored/>
  </testcase> <!-- verifyThatUserShouldLoginAndLogoutSuccessfully -->
  <testcase name="verifyThatUserRegisterAccountSuccessfully" time="0.0" classname="demo.com.tutorialninja.testsuite.MyAccountPageTest">
    <ignored/>
  </testcase> <!-- verifyThatUserRegisterAccountSuccessfully -->
  <testcase name="verifyUserShouldNavigateToLoginPageSuccessfully" time="0.0" classname="demo.com.tutorialninja.testsuite.MyAccountPageTest">
    <ignored/>
  </testcase> <!-- verifyUserShouldNavigateToLoginPageSuccessfully -->
  <testcase name="verifyProductAddedToShoppingCartSuccessFully" time="0.0" classname="demo.com.tutorialninja.testsuite.DesktopPageTest">
    <ignored/>
  </testcase> <!-- verifyProductAddedToShoppingCartSuccessFully -->
</testsuite> <!-- Sanity Test -->
