<?xml version="1.0" encoding="UTF-8"?>
<!-- Generated by org.testng.reporters.JUnitXMLReporter -->
<testsuite hostname="LAPTOP-5DN4VF2K" ignored="0" name="Regression Test" tests="5" failures="0" timestamp="2022-12-12T14:25:18 GMT" time="45.167" errors="0">
  <testcase name="verifyUserShouldNavigateToComponentsPageSuccessfully" time="0.619" classname="demo.com.tutorialninja.testsuite.TopMenuPageTest"/>
  <testcase name="verifyUserShouldNavigateToDesktopsPageSuccessfully" time="0.965" classname="demo.com.tutorialninja.testsuite.TopMenuPageTest"/>
  <testcase name="verifyUserShouldNavigateToLaptopsAndNotebooksPageSuccessfully" time="0.744" classname="demo.com.tutorialninja.testsuite.TopMenuPageTest"/>
  <testcase name="verifyProductAddedToShoppingCartSuccessFully" time="18.298" classname="demo.com.tutorialninja.testsuite.DesktopPageTest"/>
  <testcase name="verifyProductsPriceDisplayHighToLowSuccessfully" time="2.282" classname="demo.com.tutorialninja.testsuite.DesktopPageTest"/>
</testsuite> <!-- Regression Test -->
