<?xml version="1.0" encoding="UTF-8"?>
<!-- Generated by org.testng.reporters.JUnitXMLReporter -->
<testsuite hostname="LAPTOP-5DN4VF2K" ignored="0" name="Login Page Test" tests="2" failures="0" timestamp="2022-12-12T13:06:59 GMT" time="28.688" errors="0">
  <testcase name="verifyProductAddedToShoppingCartSuccessFully" time="15.384" classname="demo.com.tutorialninja.testsuite.DesktopPageTest"/>
  <testcase name="verifyProductsPriceDisplayHighToLowSuccessfully" time="2.202" classname="demo.com.tutorialninja.testsuite.DesktopPageTest"/>
</testsuite> <!-- Login Page Test -->
